2025-09-10T14:24:08.685Z [info]: Incoming GET : /tickets
2025-09-10T14:28:08.188Z [info]: Incoming GET : /tickets
2025-09-12T19:09:28.894Z [info]: Incoming POST : /auth/login
2025-09-12T19:10:32.527Z [info]: Incoming POST : /auth/login
2025-09-12T19:11:14.353Z [info]: Incoming POST : /auth/login
2025-09-12T19:12:23.064Z [info]: Incoming POST : /auth/login
2025-09-12T19:12:33.567Z [info]: Incoming GET : /tickets
2025-09-12T19:22:35.492Z [info]: Incoming DELETE : /users/Alice
2025-09-12T19:22:44.054Z [info]: Incoming POST : /auth/login
2025-09-12T19:22:47.520Z [info]: Incoming DELETE : /users/Alice
2025-09-12T19:23:01.146Z [info]: Incoming POST : /auth/login
2025-09-12T19:23:20.146Z [info]: Incoming DELETE : /users/Alice
2025-09-12T19:23:36.901Z [info]: Incoming POST : /auth/login
2025-09-12T19:23:43.709Z [info]: Incoming DELETE : /users/Alice
2025-09-12T19:26:02.529Z [info]: Incoming POST : /auth/register
2025-09-12T19:26:02.911Z [info]: Creating new user: {"username":"Alice","password":"$2b$10$iPZVMfAXc180LTx3EZL8euwC8ndi8zLGTN3fxa65prJPJVTHmghpW","role":"employee","createdAt":1757705162861}
2025-09-12T19:26:08.884Z [info]: Incoming POST : /auth/login
2025-09-12T19:26:18.258Z [info]: Incoming DELETE : /users/Alice
2025-09-12T19:30:46.385Z [info]: Incoming POST : /auth/login
2025-09-12T19:30:46.660Z [info]: Logged in user: John
2025-09-12T19:32:14.092Z [info]: Incoming POST : /auth/register
2025-09-12T19:32:14.472Z [info]: Creating new user: Alice
2025-09-12T19:32:19.357Z [info]: Incoming POST : /auth/register
2025-09-12T19:32:19.384Z [info]: Username already registered
2025-09-12T19:35:48.561Z [info]: Incoming POST : /auth/login
2025-09-12T19:35:48.832Z [info]: Logged in user: John
2025-09-13T18:12:22.531Z [info]: Incoming POST : /auth/login
2025-09-13T18:12:22.828Z [info]: Logged in user: John
2025-09-13T18:12:31.452Z [info]: Incoming GET : /tickets?username=Gus
2025-09-13T18:13:22.615Z [info]: Incoming GET : /tickets
2025-09-13T18:13:34.757Z [info]: Incoming POST : /auth/login
2025-09-13T18:13:34.856Z [info]: Logged in user: Ed
2025-09-13T18:13:37.042Z [info]: Incoming GET : /tickets
2025-09-13T19:01:33.555Z [info]: Incoming GET : /users/Frank
2025-09-13T19:01:37.842Z [info]: Incoming POST : /auth/login
2025-09-13T19:01:38.117Z [info]: Logged in user: Ed
2025-09-13T19:01:40.011Z [info]: Incoming GET : /users/Frank
2025-09-13T19:01:51.028Z [info]: Incoming POST : /auth/login
2025-09-13T19:01:51.145Z [info]: Logged in user: John
2025-09-13T19:01:54.176Z [info]: Incoming GET : /users/Frank
2025-09-13T19:02:07.544Z [info]: Incoming GET : /users/Fran
2025-09-13T19:23:22.659Z [info]: Incoming POST : /auth/login
2025-09-13T19:23:22.999Z [info]: Logged in user: John
2025-09-13T19:23:29.795Z [info]: Incoming GET : /users/Frank
2025-09-13T19:23:54.853Z [info]: Incoming GET : /users/Alice
2025-09-13T19:31:38.656Z [info]: Incoming POST : /auth/login
2025-09-13T19:33:01.720Z [info]: Incoming POST : /auth/login
2025-09-13T19:34:23.234Z [info]: Incoming POST : /auth/login
2025-09-13T19:34:23.580Z [info]: Logged in user: John
2025-09-13T19:40:57.530Z [info]: Incoming POST : /auth/login
2025-09-13T19:40:57.848Z [info]: Logged in user: John
2025-09-13T19:41:00.325Z [info]: Incoming GET : /users/Alice
2025-09-13T19:41:22.869Z [info]: Incoming POST : /auth/login
2025-09-13T19:41:23.196Z [info]: Logged in user: John
2025-09-13T19:41:24.951Z [info]: Incoming GET : /users/Alice
2025-09-13T19:41:57.642Z [info]: Incoming POST : /auth/login
2025-09-13T19:41:57.904Z [info]: Logged in user: John
2025-09-13T19:42:01.692Z [info]: Incoming GET : /users/Alice
2025-09-13T19:42:45.674Z [info]: Incoming POST : /auth/login
2025-09-13T19:42:45.945Z [info]: Logged in user: John
2025-09-13T19:42:48.379Z [info]: Incoming GET : /users/Alice
2025-09-13T19:44:24.984Z [info]: Incoming POST : /auth/login
2025-09-13T19:44:25.314Z [info]: Logged in user: John
2025-09-13T19:44:27.587Z [info]: Incoming GET : /users/Alic
2025-09-15T00:07:32.934Z [info]: Incoming POST : /auth/login
2025-09-15T00:07:33.274Z [info]: Logged in user: John
2025-09-15T00:08:33.994Z [info]: Incoming POST : /auth/register
2025-09-15T00:08:34.310Z [info]: Creating new user: Kristy
2025-09-15T00:10:53.027Z [info]: Creating new user: exampleUsername
2025-09-15T00:11:15.973Z [info]: Creating new user: exampleUsername
2025-09-15T00:14:12.927Z [info]: Incoming POST : /auth/register
2025-09-15T00:14:13.224Z [info]: Creating new user: exampleUsername
2025-09-15T00:15:27.720Z [info]: Creating new user: exampleUsername
2025-09-15T00:16:39.104Z [info]: Creating new user: exampleUsername
2025-09-15T00:17:41.933Z [info]: Creating new user: exampleUsername
2025-09-15T00:18:33.504Z [info]: Creating new user: exampleUsername
2025-09-15T00:20:28.718Z [info]: Incoming POST : /auth/register
2025-09-15T00:20:28.960Z [info]: Username already registered
2025-09-15T00:20:47.260Z [info]: Incoming POST : /auth/register
2025-09-15T00:20:47.411Z [info]: Creating new user: exampleUsername
2025-09-15T00:20:56.666Z [info]: Creating new user: exampleUsername
2025-09-15T00:22:42.160Z [info]: Creating new user: exampleUsername
2025-09-15T00:24:13.068Z [info]: Creating new user: exampleUsername
2025-09-15T00:25:44.096Z [info]: Creating new user: exampleUsername
2025-09-15T00:26:20.871Z [info]: Creating new user: exampleUsername
2025-09-15T00:26:45.565Z [info]: Creating new user: exampleUsername
2025-09-15T00:28:18.217Z [info]: Creating new user: exampleUsername
2025-09-15T00:28:18.293Z [info]: Creating new user: exampleUsername
2025-09-15T00:30:23.543Z [info]: Creating new user: exampleUsername
2025-09-15T00:30:23.619Z [info]: Creating new user: exampleUsername
2025-09-15T00:30:23.685Z [info]: Creating new user: Alice
2025-09-15T00:30:42.948Z [info]: Creating new user: exampleUsername
2025-09-15T00:30:43.019Z [info]: Creating new user: exampleUsername
2025-09-15T00:30:43.084Z [info]: Creating new user: Alice
2025-09-15T00:31:27.790Z [info]: Creating new user: exampleUsername
2025-09-15T00:31:27.863Z [info]: Creating new user: exampleUsername
2025-09-15T00:31:27.929Z [info]: Creating new user: Alice
2025-09-15T00:34:49.777Z [info]: Creating new user: exampleUsername
2025-09-15T00:34:49.849Z [info]: Creating new user: exampleUsername
2025-09-15T00:35:12.454Z [info]: Creating new user: exampleUsername
2025-09-15T00:35:12.527Z [info]: Creating new user: exampleUsername
2025-09-15T00:36:07.411Z [info]: Incoming POST : /auth/login
2025-09-15T00:36:07.705Z [info]: Logged in user: John
2025-09-15T00:36:23.808Z [info]: Incoming GET : /users/Alice
2025-09-15T00:36:55.532Z [info]: Creating new user: exampleUsername
2025-09-15T00:36:55.605Z [info]: Creating new user: exampleUsername
2025-09-15T00:36:55.607Z [info]: Username already registered
2025-09-15T00:39:06.583Z [info]: Creating new user: exampleUsername
2025-09-15T00:39:06.655Z [info]: Creating new user: exampleUsername
2025-09-15T00:39:06.657Z [info]: Username already registered
2025-09-15T00:39:06.658Z [info]: Invalid username or password: {"username":"Alice","password":""}
2025-09-15T00:42:28.125Z [info]: Creating new user: exampleUsername
2025-09-15T00:42:28.200Z [info]: Creating new user: exampleUsername
2025-09-15T00:42:28.202Z [info]: Username already registered
2025-09-15T00:42:28.203Z [info]: Invalid username or password: {"username":"Alice","password":""}
2025-09-15T00:42:28.204Z [info]: Invalid username or password: {"username":"","password":"AlicesPassword"}
2025-09-15T00:45:07.422Z [info]: Creating new user: exampleUsername
2025-09-15T00:45:07.496Z [info]: Creating new user: exampleUsername
2025-09-15T00:45:07.498Z [info]: Username already registered
2025-09-15T00:45:07.499Z [info]: Invalid username or password: {"username":"Alice","password":""}
2025-09-15T00:45:07.499Z [info]: Invalid username or password: {"username":"","password":"AlicesPassword"}
2025-09-15T01:03:06.128Z [info]: Incoming POST : /auth/login
2025-09-15T01:03:06.456Z [info]: Logged in user: John
2025-09-15T01:03:11.250Z [info]: Incoming POST : /auth/login
2025-09-15T01:03:11.350Z [info]: Logged in user: John
2025-09-15T01:03:15.174Z [info]: Incoming POST : /auth/login
2025-09-15T01:03:15.268Z [info]: Logged in user: John
2025-09-15T01:03:19.401Z [info]: Incoming POST : /auth/login
2025-09-15T01:03:19.502Z [info]: Logged in user: John
2025-09-15T01:44:34.222Z [info]: Incoming POST : /auth/login
2025-09-15T01:44:34.542Z [info]: Logged in user: John
2025-09-15T01:44:38.211Z [info]: Incoming GET : /tickets
2025-09-15T01:44:50.969Z [info]: Incoming GET : /health
2025-09-15T01:59:46.898Z [info]: Incoming GET : /auth/login?username=rtes&password=
2025-09-15T02:00:11.093Z [info]: Incoming GET : /projects/foundations_project/frontend/auth/login.html
2025-09-15T02:04:18.556Z [info]: Incoming GET : /
2025-09-15T02:10:55.578Z [info]: Incoming GET : /
2025-09-15T02:11:09.289Z [info]: Incoming GET : /
2025-09-15T02:11:09.388Z [info]: Incoming GET : /favicon.ico
2025-09-15T02:11:19.635Z [info]: Incoming GET : /auth/login.html
2025-09-15T02:11:43.312Z [info]: Incoming GET : /auth/login.html
2025-09-15T02:12:53.002Z [info]: Incoming GET : /auth/login.html
2025-09-15T02:12:54.266Z [info]: Incoming GET : /favicon.ico
2025-09-15T02:12:58.030Z [info]: Incoming GET : /
2025-09-15T02:12:59.127Z [info]: Incoming GET : /auth/login.html
2025-09-15T02:13:00.435Z [info]: Incoming GET : /favicon.ico
2025-09-15T02:13:28.848Z [info]: Incoming GET : /auth/login.html
2025-09-15T02:13:31.725Z [info]: Incoming GET : /favicon.ico
2025-09-15T02:13:32.697Z [info]: Incoming GET : /
2025-09-15T02:13:33.370Z [info]: Incoming GET : /frontend/login
2025-09-15T02:13:33.427Z [info]: Incoming GET : /js/login.js
2025-09-15T02:13:34.954Z [info]: Incoming GET : /favicon.ico
2025-09-15T02:18:07.431Z [info]: Incoming GET : /
2025-09-15T02:18:07.603Z [info]: Incoming GET : /favicon.ico
2025-09-15T02:18:09.609Z [info]: Incoming GET : /frontend/login
2025-09-15T02:18:09.719Z [info]: Incoming GET : /js/login.js
2025-09-15T02:18:25.141Z [info]: Incoming POST : /auth/login
2025-09-15T02:19:41.406Z [info]: Incoming GET : /favicon.ico
2025-09-15T02:21:32.672Z [info]: Incoming GET : /
2025-09-15T02:21:33.274Z [info]: Incoming GET : /frontend/login
2025-09-15T02:21:39.947Z [info]: Incoming POST : /auth/login
2025-09-15T02:22:27.084Z [info]: Incoming GET : /
2025-09-15T02:24:32.653Z [info]: Incoming POST : /auth/login
2025-09-15T02:24:32.924Z [info]: Logged in user: Alice
2025-09-15T02:24:32.987Z [info]: Incoming GET : /favicon.ico
2025-09-15T02:29:37.628Z [info]: Incoming GET : /favicon.ico
2025-09-15T02:31:34.198Z [info]: Incoming POST : /auth/login
2025-09-15T02:31:34.500Z [info]: Logged in user: Alice
2025-09-15T02:31:34.512Z [info]: Incoming GET : /
2025-09-15T02:33:35.717Z [info]: Incoming GET : /frontend/login
2025-09-15T02:33:43.270Z [info]: Incoming POST : /auth/login
2025-09-15T02:33:43.546Z [info]: Logged in user: Alice
2025-09-15T02:33:43.560Z [info]: Incoming GET : /frontend/auth/register.html
2025-09-15T02:34:12.679Z [info]: Incoming POST : /auth/login
2025-09-15T02:34:12.975Z [info]: Logged in user: Alice
2025-09-15T02:34:12.985Z [info]: Incoming GET : /auth/register.html
2025-09-15T02:35:29.300Z [info]: Incoming POST : /auth/login
2025-09-15T02:35:29.587Z [info]: Logged in user: Alice
2025-09-15T02:35:29.598Z [info]: Incoming GET : /frontend/auth/register.html
2025-09-15T02:42:12.798Z [info]: Incoming GET : /frontend/login
2025-09-15T02:44:50.996Z [info]: Incoming POST : /auth/login
2025-09-15T02:44:51.329Z [info]: Logged in user: Alice
2025-09-15T02:44:51.340Z [info]: Incoming GET : /frontend/auth/register.html
2025-09-15T02:45:41.737Z [info]: Incoming POST : /auth/login
2025-09-15T02:45:42.188Z [info]: Logged in user: Alice
2025-09-15T02:45:42.251Z [info]: Incoming GET : /favicon.ico
2025-09-15T02:46:20.113Z [info]: Incoming GET : /frontend/login
2025-09-15T02:46:20.788Z [info]: Incoming GET : /frontend/login?username=Alice&password=AlicesPassword
2025-09-15T02:46:46.055Z [info]: Incoming GET : /frontend/login?username=Alice&password=AlicesPassword
2025-09-15T02:47:16.803Z [info]: Incoming GET : /
2025-09-15T02:47:17.350Z [info]: Incoming GET : /frontend/login
2025-09-15T02:47:21.317Z [info]: Incoming GET : /frontend/login?username=Alice&password=AlicesPassword
2025-09-15T02:47:44.647Z [info]: Incoming GET : /frontend/login?username=Alice&password=AlicesPassword
2025-09-15T02:48:24.665Z [info]: Incoming GET : /frontend/login
2025-09-15T02:48:25.327Z [info]: Incoming GET : /frontend/login?username=Alice&password=AlicesPassword
2025-09-15T02:48:31.129Z [info]: Incoming GET : /frontend/login?username=Alice&password=AlicesPassword
2025-09-15T02:49:15.215Z [info]: Incoming GET : /frontend/login?username=Alice&password=AlicesPassword
2025-09-15T02:49:15.329Z [info]: Incoming GET : /js/login.js
2025-09-15T02:49:17.986Z [info]: Incoming GET : /frontend/login?username=Alice&password=AlicesPassword
2025-09-15T02:49:18.126Z [info]: Incoming GET : /js/login.js
2025-09-15T02:49:38.667Z [info]: Incoming GET : /frontend/login?username=Alice&password=AlicesPassword
2025-09-15T02:49:38.741Z [info]: Incoming GET : /js/login.js
2025-09-15T02:49:45.025Z [info]: Incoming GET : /frontend/login?username=Alice&password=AlicesPassword
2025-09-15T02:49:45.099Z [info]: Incoming GET : /js/login.js
2025-09-15T02:50:19.232Z [info]: Incoming GET : /frontend/login?username=Alice&password=AlicesPassword
2025-09-15T02:50:19.359Z [info]: Incoming GET : /js/login.js
2025-09-15T02:54:34.880Z [info]: Incoming GET : /frontend/login?username=Alice&password=AlicesPassword
2025-09-15T02:54:34.988Z [info]: Incoming GET : /js/login.js
2025-09-15T02:54:39.687Z [info]: Incoming GET : /frontend/login?username=Alice&password=AlicesPassword
2025-09-15T02:54:39.774Z [info]: Incoming GET : /js/login.js
2025-09-15T02:59:48.773Z [info]: Incoming GET : /frontend/login?username=Alice&password=AlicesPassword
2025-09-15T02:59:48.885Z [info]: Incoming GET : /js/login.js
2025-09-15T02:59:49.007Z [info]: Incoming GET : /favicon.ico
2025-09-15T03:03:10.879Z [info]: Incoming GET : /frontend/login?username=Alice&password=AlicesPassword
2025-09-15T03:03:10.974Z [info]: Incoming GET : /static/login.js
2025-09-15T03:03:11.066Z [info]: Incoming GET : /favicon.ico
2025-09-15T03:03:58.848Z [info]: Incoming GET : /frontend/login?username=Alice&password=AlicesPassword
2025-09-15T03:03:58.925Z [info]: Incoming GET : /static/login.js
2025-09-15T03:03:59.025Z [info]: Incoming GET : /favicon.ico
2025-09-15T13:04:39.573Z [info]: Incoming GET : /tickets
2025-09-15T13:04:43.904Z [info]: Incoming POST : /auth/login
2025-09-15T13:04:44.185Z [info]: Logged in user: John
2025-09-15T13:04:48.009Z [info]: Incoming GET : /tickets
2025-09-15T13:09:32.399Z [info]: Incoming GET : /tickets/unprocessed
2025-09-15T13:09:37.297Z [info]: Incoming POST : /auth/login
2025-09-15T13:09:37.586Z [info]: Logged in user: John
2025-09-15T13:09:42.141Z [info]: Incoming GET : /tickets/unprocessed
2025-09-15T13:16:14.821Z [info]: Incoming POST : /auth/login
2025-09-15T13:16:15.111Z [info]: Logged in user: John
2025-09-15T13:16:28.754Z [info]: Incoming GET : /tickets/Alice
2025-09-15T13:17:06.211Z [info]: Incoming GET : /tickets
2025-09-15T13:17:18.444Z [info]: Incoming POST : /auth/login
2025-09-15T13:17:18.542Z [info]: Logged in user: Alice
2025-09-15T13:17:22.498Z [info]: Incoming GET : /tickets
2025-09-15T13:18:12.086Z [info]: Incoming POST : /auth/login
2025-09-15T13:18:12.186Z [info]: Logged in user: Harry
2025-09-15T13:18:15.536Z [info]: Incoming GET : /tickets
2025-09-15T13:20:59.925Z [info]: Incoming POST : /auth/login
2025-09-15T13:21:00.248Z [info]: Logged in user: Harry
2025-09-15T13:21:03.946Z [info]: Incoming POST : /tickets
2025-09-18T15:28:44.383Z [info]: Incoming GET : /health
2025-09-18T15:28:55.923Z [info]: Incoming POST : /auth/register
2025-09-18T15:28:56.236Z [info]: Creating new user: Larry
2025-09-18T15:29:45.998Z [info]: Incoming POST : /auth/register
2025-09-18T15:29:46.202Z [info]: Username already registered
2025-09-18T15:30:02.604Z [info]: Incoming POST : /auth/register
2025-09-18T15:30:02.866Z [info]: Username already registered
2025-09-18T15:34:58.669Z [info]: Incoming POST : /auth/register
2025-09-18T15:34:58.941Z [info]: Username already registered
2025-09-18T15:38:22.347Z [info]: Incoming POST : /auth/register
2025-09-18T15:38:22.723Z [info]: Creating new user: Larry
2025-09-18T15:39:17.157Z [info]: Incoming POST : /auth/register
2025-09-18T15:39:17.630Z [info]: Creating new user: Larry
2025-09-18T19:38:29.432Z [info]: Incoming POST : /auth/register
2025-09-18T19:38:29.755Z [info]: Creating new user: Larry
2025-09-18T19:38:37.836Z [info]: Incoming POST : /auth/register
2025-09-18T19:38:37.879Z [info]: Username already registered
2025-09-18T19:40:12.569Z [info]: Incoming POST : /auth/register
2025-09-18T19:40:12.818Z [info]: Username already registered
2025-09-18T19:41:14.251Z [info]: Incoming POST : /auth/register
2025-09-18T19:41:14.498Z [info]: Username already registered
2025-09-18T19:42:44.360Z [info]: Incoming POST : /auth/register
2025-09-18T19:42:44.550Z [info]: Username already registered
2025-09-18T19:43:51.464Z [info]: Incoming POST : /auth/register
2025-09-18T19:43:51.660Z [info]: Username already registered
2025-09-18T19:44:07.313Z [info]: Incoming POST : /auth/register
2025-09-18T19:44:07.506Z [info]: Username already registered
2025-09-18T19:49:11.079Z [info]: Incoming POST : /auth/register
2025-09-18T19:49:11.343Z [info]: Username already registered
2025-09-18T19:52:36.054Z [info]: Incoming POST : /auth/register
2025-09-18T19:52:36.256Z [info]: Username already registered
2025-09-18T19:52:36.257Z [info]: Username already registered
2025-09-18T19:52:53.601Z [info]: Incoming POST : /auth/register
2025-09-18T19:52:53.869Z [info]: Username already registered
2025-09-18T19:53:11.482Z [info]: Incoming POST : /auth/register
2025-09-18T19:53:11.737Z [error]: Username already registered
2025-09-18T19:54:57.513Z [info]: Incoming POST : /auth/register
2025-09-18T19:54:57.769Z [warn]: Username already registered
2025-09-18T19:55:20.862Z [info]: Incoming POST : /auth/register
2025-09-18T19:57:29.165Z [info]: Incoming POST : /auth/register
2025-09-18T19:57:29.431Z [warn]: Username already registered
2025-09-18T19:58:44.131Z [info]: Incoming POST : /auth/register
2025-09-18T19:58:44.620Z [info]: Creating new user: Larry
2025-09-18T19:59:09.189Z [info]: Incoming POST : /auth/register
2025-09-18T19:59:09.825Z [info]: Creating new user: Larry
2025-09-18T19:59:38.428Z [info]: Incoming POST : /auth/register
2025-09-18T19:59:38.794Z [info]: Creating new user: Larry
2025-09-18T20:00:38.733Z [info]: Incoming POST : /auth/register
2025-09-18T20:00:38.958Z [info]: Creating new user: Larry
2025-09-18T20:00:50.383Z [info]: Incoming POST : /auth/register
2025-09-18T20:00:50.455Z [warn]: Username already registered
2025-09-18T20:09:40.113Z [info]: Incoming POST : /auth/login
2025-09-18T20:09:40.414Z [info]: Logged in user: Harry
2025-09-18T20:09:48.675Z [info]: Incoming POST : /auth/login
2025-09-18T20:10:01.496Z [info]: Incoming POST : /auth/login
2025-09-18T20:10:01.602Z [info]: Logged in user: John
2025-09-18T20:14:26.434Z [info]: Incoming POST : /auth/login
2025-09-18T20:14:30.840Z [info]: Incoming POST : /auth/login
2025-09-18T20:14:30.943Z [info]: Logged in user: John
2025-09-18T20:16:13.188Z [info]: Incoming POST : /auth/login
2025-09-18T20:16:13.516Z [info]: Logged in user: John as manager
2025-09-18T20:16:43.925Z [info]: Incoming POST : /auth/login
2025-09-18T20:16:44.194Z [info]: Logged in John as manager
2025-09-18T20:26:02.239Z [info]: Incoming POST : /auth/register
2025-09-18T20:26:02.645Z [info]: Creating new user: Larry
2025-09-18T20:26:07.163Z [info]: Incoming POST : /auth/register
2025-09-18T20:26:07.201Z [warn]: Username already registered
2025-09-18T20:29:08.918Z [info]: Incoming POST : /auth/register
2025-09-18T20:29:29.605Z [info]: Incoming POST : /auth/register
2025-09-18T20:30:30.989Z [info]: Incoming POST : /auth/register
2025-09-18T20:30:31.327Z [warn]: Username already registered
2025-09-18T20:30:35.196Z [info]: Incoming POST : /auth/register
2025-09-18T20:30:35.254Z [warn]: Username already registered
2025-09-18T20:30:39.615Z [info]: Incoming POST : /auth/register
2025-09-18T20:30:57.134Z [info]: Incoming POST : /auth/register
2025-09-18T20:32:39.579Z [info]: Incoming POST : /auth/register
2025-09-18T20:32:40.005Z [info]: Creating new user: Larry
2025-09-18T20:32:52.641Z [info]: Incoming POST : /auth/register
2025-09-18T20:32:52.674Z [warn]: Username already registered
2025-09-18T20:33:01.445Z [info]: Incoming POST : /auth/register
2025-09-18T20:33:10.889Z [info]: Incoming POST : /auth/register
2025-09-18T20:35:12.054Z [info]: Incoming POST : /auth/login
2025-09-18T20:35:12.393Z [info]: Logged in John as manager
2025-09-18T20:36:04.659Z [info]: Incoming POST : /auth/login
2025-09-18T20:37:04.953Z [info]: Incoming POST : /auth/login
2025-09-18T20:37:17.558Z [info]: Incoming POST : /auth/login
2025-09-18T20:37:34.892Z [info]: Incoming POST : /auth/login
2025-09-18T20:37:35.011Z [info]: Logged in John as manager
2025-09-18T20:37:38.342Z [info]: Incoming POST : /auth/login
2025-09-18T20:37:41.109Z [info]: Incoming POST : /auth/login
2025-09-18T20:38:44.278Z [info]: Incoming POST : /auth/login
2025-09-18T20:39:26.321Z [info]: Incoming POST : /auth/login
2025-09-18T20:40:24.349Z [info]: Incoming POST : /auth/login
2025-09-18T20:40:30.604Z [info]: Incoming POST : /auth/login
2025-09-18T20:41:12.494Z [info]: Incoming POST : /auth/login
2025-09-18T20:41:48.652Z [info]: Incoming POST : /auth/login
2025-09-18T20:45:16.387Z [info]: Incoming POST : /auth/login
2025-09-18T20:45:44.270Z [info]: Incoming POST : /auth/register
2025-09-18T20:45:44.639Z [info]: Creating new user: Larry
2025-09-18T20:45:59.269Z [info]: Incoming POST : /auth/register
2025-09-18T20:45:59.418Z [info]: Creating new user: Larry
2025-09-18T20:46:08.164Z [info]: Incoming POST : /auth/register
2025-09-18T20:46:08.225Z [warn]: Username already registered
2025-09-18T20:46:13.436Z [info]: Incoming POST : /auth/register
2025-09-18T20:46:16.350Z [info]: Incoming POST : /auth/register
2025-09-18T20:46:23.346Z [info]: Incoming POST : /auth/login
2025-09-18T20:46:23.442Z [info]: Logged in John as manager
2025-09-18T20:47:03.323Z [info]: Incoming POST : /auth/login
2025-09-18T20:47:09.591Z [info]: Incoming POST : /auth/login
2025-09-18T20:47:12.706Z [info]: Incoming POST : /auth/login
2025-09-18T20:49:56.987Z [info]: Incoming POST : /tickets
2025-09-18T20:51:18.070Z [info]: Incoming POST : /tickets
2025-09-18T20:55:38.616Z [info]: Incoming POST : /tickets
2025-09-18T20:55:52.475Z [info]: Incoming POST : /auth/login
2025-09-18T20:55:52.804Z [info]: Logged in John as manager
2025-09-18T20:56:00.600Z [info]: Incoming POST : /tickets
2025-09-18T20:56:18.186Z [info]: Incoming POST : /auth/login
2025-09-18T20:56:18.464Z [info]: Logged in John as manager
2025-09-18T20:56:29.489Z [info]: Incoming POST : /tickets
2025-09-18T21:00:58.640Z [info]: Incoming POST : /tickets
2025-09-18T21:01:05.560Z [info]: Incoming POST : /auth/login
2025-09-18T21:01:05.892Z [info]: Logged in John as manager
2025-09-18T21:02:40.068Z [info]: Incoming POST : /tickets
2025-09-18T21:03:07.534Z [info]: Incoming POST : /tickets
2025-09-18T21:03:16.835Z [info]: Incoming POST : /tickets
2025-09-18T21:03:38.022Z [info]: Incoming POST : /tickets
2025-09-18T21:05:17.474Z [info]: Incoming POST : /tickets
2025-09-18T21:05:21.547Z [info]: Incoming POST : /auth/login
2025-09-18T21:05:21.817Z [info]: Logged in John as manager
2025-09-18T21:05:38.047Z [info]: Incoming POST : /tickets
2025-09-18T21:05:48.021Z [info]: Incoming POST : /tickets
2025-09-18T21:06:13.037Z [info]: Incoming POST : /tickets
2025-09-18T21:07:48.605Z [info]: Incoming POST : /tickets
2025-09-18T21:07:52.090Z [info]: Incoming POST : /auth/login
2025-09-18T21:07:52.363Z [info]: Logged in John as manager
2025-09-18T21:07:55.226Z [info]: Incoming POST : /tickets
2025-09-18T21:08:16.570Z [info]: Incoming POST : /tickets
2025-09-18T21:21:07.403Z [info]: Incoming GET : /tickets/?status=pending
2025-09-18T21:21:52.856Z [info]: Incoming POST : /auth/login
2025-09-18T21:21:53.127Z [info]: Logged in John as manager
2025-09-18T21:21:59.716Z [info]: Incoming GET : /tickets/?status=pending
2025-09-18T21:22:59.553Z [info]: Incoming GET : /tickets/?status=pending
2025-09-18T21:23:03.926Z [info]: Incoming POST : /auth/login
2025-09-18T21:23:04.195Z [info]: Logged in John as manager
2025-09-18T21:23:09.368Z [info]: Incoming GET : /tickets/?status=pending
2025-09-18T21:27:02.314Z [info]: Incoming POST : /auth/login
2025-09-18T21:27:02.572Z [info]: Logged in Alice as employee
2025-09-18T21:27:31.535Z [info]: Incoming PATCH : /tickets/a16d033f-7365-4d45-962a-5675abf7ac8c
2025-09-18T21:27:56.556Z [info]: Incoming POST : /auth/login
2025-09-18T21:27:56.818Z [info]: Logged in John as manager
2025-09-18T21:28:02.460Z [info]: Incoming GET : /tickets/?status=pending
2025-09-18T21:28:57.787Z [info]: Incoming POST : /auth/login
2025-09-18T21:28:57.884Z [info]: Logged in Alice as employee
2025-09-18T21:29:04.522Z [info]: Incoming PATCH : /tickets/a16d033f-7365-4d45-962a-5675abf7ac8c
2025-09-18T21:30:31.320Z [info]: Incoming PATCH : /tickets/e1b4899e-e7f0-4e96-a903-be8063b13538
2025-09-18T21:30:36.101Z [info]: Incoming POST : /auth/login
2025-09-18T21:30:36.200Z [info]: Logged in John as manager
2025-09-18T21:30:39.530Z [info]: Incoming PATCH : /tickets/e1b4899e-e7f0-4e96-a903-be8063b13538
2025-09-18T21:35:24.735Z [info]: Incoming PATCH : /tickets/f98c52d3-c38e-4d4f-a693-0fde15933547
2025-09-18T21:35:29.463Z [info]: Incoming POST : /auth/login
2025-09-18T21:35:29.730Z [info]: Logged in John as manager
2025-09-18T21:35:34.223Z [info]: Incoming PATCH : /tickets/f98c52d3-c38e-4d4f-a693-0fde15933547
2025-09-18T21:40:00.357Z [info]: Incoming PATCH : /tickets/f98c52d3-c38e-4d4f-a693-0fde15933547
2025-09-18T21:40:51.175Z [info]: Incoming PATCH : /tickets/f98c52d3-c38e-4d4f-a693-0fde15933547
2025-09-18T21:42:03.108Z [info]: Incoming POST : /auth/login
2025-09-18T21:42:03.204Z [info]: Logged in Alice as employee
2025-09-18T21:42:22.096Z [info]: Incoming PATCH : /tickets/75e1cdde-1936-4753-ad05-337b46a4d225
2025-09-18T21:42:27.349Z [info]: Incoming POST : /auth/login
2025-09-18T21:42:27.443Z [info]: Logged in John as manager
2025-09-18T21:42:42.151Z [info]: Incoming PATCH : /tickets/75e1cdde-1936-4753-ad05-337b46a4d225
2025-09-18T21:44:25.418Z [info]: Incoming POST : /auth/login
2025-09-18T21:44:25.654Z [info]: Logged in Alice as employee
2025-09-18T21:44:30.092Z [info]: Incoming PATCH : /tickets/75e1cdde-1936-4753-ad05-337b46a4d225
2025-09-18T21:45:13.423Z [info]: Incoming POST : /auth/login
2025-09-18T21:45:13.526Z [info]: Logged in John as manager
2025-09-18T21:45:45.335Z [info]: Incoming PATCH : /tickets/9196adea-ee06-4825-aa0b-bcde107dc85e
2025-09-18T21:45:54.762Z [info]: Incoming POST : /auth/login
2025-09-18T21:45:55.031Z [info]: Logged in John as manager
2025-09-18T21:45:59.601Z [info]: Incoming PATCH : /tickets/9196adea-ee06-4825-aa0b-bcde107dc85e
2025-09-18T21:46:50.497Z [info]: Incoming POST : /auth/login
2025-09-18T21:46:50.835Z [info]: Logged in Alice as employee
2025-09-18T21:46:57.071Z [info]: Incoming POST : /tickets
2025-09-18T21:47:11.548Z [info]: Incoming POST : /auth/login
2025-09-18T21:47:11.655Z [info]: Logged in John as manager
2025-09-18T21:47:20.824Z [info]: Incoming PATCH : /tickets/7be99905-b61e-43c1-810c-d78db92c6596
2025-09-18T21:49:21.273Z [info]: Incoming POST : /auth/login
2025-09-18T21:49:21.548Z [info]: Logged in Alice as employee
2025-09-18T21:49:25.141Z [info]: Incoming POST : /tickets
2025-09-18T21:49:32.965Z [info]: Incoming POST : /auth/login
2025-09-18T21:49:33.064Z [info]: Logged in John as manager
2025-09-18T21:49:37.599Z [info]: Incoming PATCH : /tickets/7be99905-b61e-43c1-810c-d78db92c6596
2025-09-18T21:49:43.108Z [info]: Incoming PATCH : /tickets/599fb04e-3aca-4b2b-b4e8-c30690ec27a9
2025-09-18T21:50:18.533Z [info]: Incoming GET : /tickets/?status=pending
2025-09-18T21:50:43.018Z [info]: Incoming GET : /tickets/?status=pending
2025-09-18T21:51:02.996Z [info]: Incoming GET : /tickets/?status=pending
2025-09-18T21:51:06.937Z [info]: Incoming POST : /auth/login
2025-09-18T21:51:07.197Z [info]: Logged in John as manager
2025-09-18T21:51:13.416Z [info]: Incoming GET : /tickets/?status=pending
2025-09-18T21:52:10.174Z [info]: Incoming POST : /tickets
2025-09-18T21:54:00.870Z [info]: Incoming POST : /auth/login
2025-09-18T21:54:01.088Z [info]: Logged in John as manager
2025-09-18T21:54:20.520Z [info]: Incoming PATCH : /tickets/a16d033f-7365-4d45-962a-5675abf7ac8c
2025-09-18T21:54:35.495Z [info]: Incoming PATCH : /tickets/a16d033f-7365-4d45-962a-5675abf7ac8c
2025-09-18T21:54:56.526Z [info]: Incoming PATCH : /tickets/a16d033f-7365-4d45-962a-5675abf7ac8c
2025-09-18T21:58:32.882Z [info]: Incoming POST : /auth/login
2025-09-18T21:58:33.156Z [info]: Logged in John as manager
2025-09-18T21:58:36.032Z [info]: Incoming PATCH : /tickets/1
2025-09-18T21:58:47.121Z [info]: Incoming PATCH : /tickets/1
2025-09-18T21:59:00.016Z [info]: Incoming PATCH : /tickets/1
2025-09-18T21:59:59.539Z [info]: Incoming PATCH : /tickets/f98c52d3-c38e-4d4f-a693-0fde15933547
2025-09-18T22:00:35.595Z [info]: Incoming PATCH : /tickets/f98c52d3-c38e-4d4f-a693-0fde15933547
2025-09-18T22:00:47.610Z [info]: Incoming PATCH : /tickets/f98c52d3-c38e-4d4f-a693-0fde15933547
2025-09-18T22:01:04.273Z [info]: Incoming PATCH : /tickets/cd818830-0cfd-4da7-a9c0-a7d514998488
2025-09-18T22:06:01.489Z [info]: Incoming POST : /auth/login
2025-09-18T22:06:01.751Z [info]: Logged in Alice as employee
2025-09-18T22:06:36.663Z [info]: Incoming GET : /tickets
2025-09-18T22:07:28.604Z [info]: Incoming GET : /tickets
2025-09-18T22:07:34.264Z [info]: Incoming POST : /auth/login
2025-09-18T22:07:34.360Z [info]: Logged in John as manager
2025-09-18T22:07:38.795Z [info]: Incoming GET : /tickets
2025-09-18T22:12:43.294Z [info]: Incoming PATCH : /tickets/3658d285-46ca-4c65-acf0-b47354077b06
2025-09-18T22:12:47.946Z [info]: Incoming POST : /auth/login
2025-09-18T22:12:48.229Z [info]: Logged in John as manager
2025-09-18T22:12:50.368Z [info]: Incoming PATCH : /tickets/3658d285-46ca-4c65-acf0-b47354077b06
2025-09-18T22:12:59.881Z [info]: Incoming PATCH : /tickets3c8c3d1e-1128-4b1e-a4de-8a176492fd6d
2025-09-18T22:13:10.323Z [info]: Incoming PATCH : /tickets/3c8c3d1e-1128-4b1e-a4de-8a176492fd6d
2025-09-18T23:10:46.236Z [info]: Incoming POST : /auth/login
2025-09-18T23:10:46.518Z [info]: Logged in John as manager
2025-09-18T23:10:51.749Z [info]: Incoming GET : /tickets/3186364f-ee0e-44ce-8d2d-c08db1ae20e2
2025-09-18T23:12:55.823Z [info]: Incoming GET : /tickets/3186364f-ee0e-44ce-8d2d-c08db1ae20e2
2025-09-18T23:12:59.590Z [info]: Incoming POST : /auth/login
2025-09-18T23:12:59.856Z [info]: Logged in John as manager
2025-09-18T23:13:02.852Z [info]: Incoming GET : /tickets/3186364f-ee0e-44ce-8d2d-c08db1ae20e2
2025-09-18T23:13:11.670Z [info]: Incoming GET : /tickets/3186364f-ee0e-44ce-8d2d-c08db1ae20e
2025-09-19T01:36:05.018Z [warn]: Ticket non-existent-id not found
2025-09-19T01:36:05.053Z [warn]: Ticket cannot be submitted without an amount greater than 0
2025-09-19T01:36:05.055Z [warn]: Ticket cannot be submitted without a description
2025-09-19T01:36:05.059Z [warn]: Ticket not found
2025-09-19T01:36:05.060Z [warn]: Ticket already processed
2025-09-19T01:36:05.062Z [warn]: Invalid new status
2025-09-19T01:36:26.345Z [warn]: Ticket non-existent-id not found
2025-09-19T01:36:26.387Z [warn]: Ticket cannot be submitted without an amount greater than 0
2025-09-19T01:36:26.388Z [warn]: Ticket cannot be submitted without a description
2025-09-19T01:36:26.391Z [warn]: Ticket not found
2025-09-19T01:36:26.393Z [warn]: Ticket already processed
2025-09-19T01:36:26.395Z [warn]: Invalid new status
2025-09-19T02:52:05.000Z [info]: Incoming POST : /auth/login
2025-09-19T02:52:05.307Z [info]: Logged in Alice as employee
2025-09-19T02:52:11.583Z [info]: Incoming POST : /tickets
2025-09-19T02:52:11.674Z [info]: Ticket submitted
2025-09-19T02:52:23.454Z [info]: Incoming POST : /auth/login
2025-09-19T02:52:23.490Z [warn]: Invalid credentials
2025-09-19T02:52:28.272Z [info]: Incoming POST : /auth/register
2025-09-19T02:52:28.303Z [warn]: Username already registered
2025-09-19T02:52:31.730Z [info]: Incoming POST : /auth/register
2025-09-19T02:52:34.499Z [info]: Incoming POST : /auth/register
2025-09-19T02:52:40.506Z [info]: Incoming GET : /tickets/?status=pending
2025-09-19T02:53:26.827Z [info]: Incoming POST : /auth/login
2025-09-19T02:53:26.926Z [info]: Logged in John as manager
2025-09-19T02:53:31.526Z [info]: Incoming GET : /tickets/?status=pending
2025-09-19T02:53:36.799Z [info]: Incoming POST : /auth/login
2025-09-19T02:53:36.890Z [info]: Logged in Alice as employee
2025-09-19T02:53:40.666Z [info]: Incoming GET : /tickets/?status=pending
2025-09-19T11:39:19.370Z [info]: Incoming POST : /auth/login
2025-09-19T11:39:19.703Z [info]: Logged in Alice as employee
2025-09-19T11:40:42.584Z [info]: Incoming POST : /tickets
2025-09-19T11:40:42.628Z [info]: Ticket submitted
2025-09-19T11:40:58.905Z [info]: Incoming POST : /tickets
2025-09-19T11:40:58.944Z [info]: Ticket submitted
2025-09-19T11:41:09.515Z [info]: Incoming POST : /tickets
2025-09-19T11:41:09.553Z [info]: Ticket submitted
2025-09-19T11:41:23.592Z [info]: Incoming POST : /tickets
2025-09-19T11:41:23.628Z [info]: Ticket submitted
2025-09-19T11:42:08.030Z [info]: Incoming POST : /auth/login
2025-09-19T11:42:08.131Z [info]: Logged in Bob as employee
2025-09-19T11:42:22.608Z [info]: Incoming POST : /tickets
2025-09-19T11:42:22.643Z [info]: Ticket submitted
2025-09-19T11:42:29.598Z [info]: Incoming POST : /tickets
2025-09-19T11:42:29.635Z [info]: Ticket submitted
2025-09-19T11:42:37.807Z [info]: Incoming POST : /tickets
2025-09-19T11:42:37.848Z [info]: Ticket submitted
2025-09-19T11:42:47.165Z [info]: Incoming POST : /tickets
2025-09-19T11:42:47.207Z [info]: Ticket submitted
2025-09-19T11:43:12.160Z [info]: Incoming POST : /auth/login
2025-09-19T11:43:12.253Z [info]: Logged in Chuck as employee
2025-09-19T11:43:21.201Z [info]: Incoming POST : /tickets
2025-09-19T11:43:21.237Z [info]: Ticket submitted
2025-09-19T11:44:04.945Z [info]: Incoming POST : /tickets
2025-09-19T11:44:04.981Z [info]: Ticket submitted
2025-09-19T11:44:34.924Z [info]: Incoming POST : /auth/login
2025-09-19T11:44:35.038Z [info]: Logged in Dave as manager
2025-09-19T11:44:47.038Z [info]: Incoming POST : /auth/login
2025-09-19T11:44:47.130Z [info]: Logged in Ed as employee
2025-09-19T11:45:04.862Z [info]: Incoming POST : /tickets
2025-09-19T11:45:04.901Z [info]: Ticket submitted
2025-09-19T11:45:14.957Z [info]: Incoming POST : /tickets
2025-09-19T11:45:14.988Z [info]: Ticket submitted
2025-09-19T11:45:31.058Z [info]: Incoming POST : /tickets
2025-09-19T11:45:31.292Z [info]: Ticket submitted
2025-09-19T11:45:51.915Z [info]: Incoming POST : /auth/login
2025-09-19T11:45:52.012Z [info]: Logged in Frank as employee
2025-09-19T11:46:28.670Z [info]: Incoming POST : /auth/login
2025-09-19T11:46:28.770Z [info]: Logged in Frank as employee
2025-09-19T11:46:32.195Z [info]: Incoming POST : /tickets
2025-09-19T11:46:32.230Z [info]: Ticket submitted
2025-09-19T11:46:41.681Z [info]: Incoming POST : /tickets
2025-09-19T11:46:41.713Z [info]: Ticket submitted
2025-09-19T11:46:53.693Z [info]: Incoming POST : /tickets
2025-09-19T11:46:53.733Z [info]: Ticket submitted
2025-09-19T11:47:11.026Z [info]: Incoming POST : /auth/login
2025-09-19T11:47:11.122Z [info]: Logged in Gus as employee
2025-09-19T11:47:40.560Z [info]: Incoming POST : /tickets
2025-09-19T11:47:40.602Z [info]: Ticket submitted
2025-09-19T11:47:51.566Z [info]: Incoming POST : /tickets
2025-09-19T11:47:51.606Z [info]: Ticket submitted
2025-09-19T11:48:08.810Z [info]: Incoming POST : /auth/login
2025-09-19T11:48:08.902Z [info]: Logged in Harry as employee
2025-09-19T11:48:29.703Z [info]: Incoming POST : /tickets
2025-09-19T11:48:29.740Z [info]: Ticket submitted
2025-09-19T11:49:03.432Z [info]: Incoming POST : /auth/login
2025-09-19T11:49:03.534Z [info]: Logged in Ian as employee
2025-09-19T11:49:08.168Z [info]: Incoming POST : /tickets
2025-09-19T11:49:08.205Z [info]: Ticket submitted
2025-09-19T11:49:18.871Z [info]: Incoming POST : /tickets
2025-09-19T11:49:18.907Z [info]: Ticket submitted
2025-09-19T11:49:59.580Z [info]: Incoming POST : /auth/login
2025-09-19T11:49:59.675Z [info]: Logged in Kristy as employee
2025-09-19T11:50:12.394Z [info]: Incoming POST : /auth/login
2025-09-19T11:50:12.615Z [info]: Logged in Kristy as employee
2025-09-19T11:50:20.594Z [info]: Incoming POST : /tickets
2025-09-19T11:50:20.632Z [info]: Ticket submitted
2025-09-19T11:50:29.692Z [info]: Incoming POST : /tickets
2025-09-19T11:50:29.723Z [info]: Ticket submitted
2025-09-19T11:50:38.322Z [info]: Incoming POST : /auth/login
2025-09-19T11:50:38.421Z [info]: Logged in Dave as manager
2025-09-19T11:51:10.469Z [info]: Incoming PATCH : /tickets/1c0fd49d-c988-44fd-ba25-2c7d2f39f463
2025-09-19T11:51:10.499Z [info]: Ticket processed
2025-09-19T11:51:21.345Z [info]: Incoming GET : /tickets/?status=pending
2025-09-19T11:54:48.383Z [info]: Incoming POST : /auth/login
2025-09-19T11:54:48.684Z [info]: Logged in Dave as manager
2025-09-19T11:54:51.987Z [info]: Incoming GET : /tickets/?status=pending
2025-09-19T12:31:41.785Z [info]: Incoming POST : /auth/register
2025-09-19T12:31:42.119Z [info]: Creating new user: Larry
2025-09-19T12:33:34.085Z [info]: Incoming POST : /auth/register
2025-09-19T12:33:34.292Z [warn]: Invalid username or password
2025-09-19T12:33:48.624Z [info]: Incoming POST : /auth/register
2025-09-19T12:33:55.547Z [info]: Incoming POST : /auth/register
2025-09-19T12:33:55.575Z [warn]: Invalid username or password
2025-09-19T12:34:00.365Z [info]: Incoming POST : /auth/register
2025-09-19T12:34:00.774Z [info]: Creating new user: Larry
2025-09-19T12:34:10.590Z [info]: Incoming POST : /auth/login
2025-09-19T12:34:10.684Z [info]: Logged in Kristy as employee
2025-09-19T12:36:10.219Z [info]: Incoming POST : /auth/login
2025-09-19T12:36:10.490Z [info]: Logged in Dave as manager
2025-09-19T12:36:15.391Z [info]: Incoming POST : /auth/login
2025-09-19T12:36:15.486Z [info]: Logged in Kristy as employee
2025-09-19T12:37:06.433Z [info]: Incoming POST : /tickets
2025-09-19T12:37:06.437Z [warn]: Ticket cannot be submitted without a description
2025-09-19T12:37:13.694Z [info]: Incoming POST : /tickets
2025-09-19T12:37:13.696Z [warn]: Ticket cannot be submitted without an amount greater than 0
2025-09-19T12:37:21.014Z [info]: Incoming POST : /tickets
2025-09-19T12:37:21.067Z [info]: Ticket submitted
2025-09-19T12:38:57.281Z [info]: Incoming POST : /auth/login
2025-09-19T12:38:57.558Z [info]: Logged in Kristy as employee
2025-09-19T12:39:03.241Z [info]: Incoming POST : /tickets
2025-09-19T12:39:03.245Z [warn]: Ticket cannot be submitted without an amount greater than 0
2025-09-19T12:39:34.381Z [info]: Incoming POST : /tickets
2025-09-19T12:39:38.248Z [info]: Incoming POST : /auth/login
2025-09-19T12:39:38.522Z [info]: Logged in Kristy as employee
2025-09-19T12:39:40.610Z [info]: Incoming POST : /tickets
2025-09-19T12:39:40.658Z [info]: Ticket submitted
2025-09-19T12:39:59.591Z [info]: Incoming POST : /auth/login
2025-09-19T12:39:59.695Z [info]: Logged in Dave as manager
2025-09-19T12:40:24.182Z [info]: Incoming PATCH : /tickets/6a042207-a604-464c-987d-3fd930b06a3b
2025-09-19T12:40:24.318Z [info]: Ticket processed
2025-09-19T12:40:37.643Z [info]: Incoming POST : /auth/login
2025-09-19T12:40:37.748Z [info]: Logged in Kristy as employee
2025-09-19T12:40:50.757Z [info]: Incoming PATCH : /tickets/a3f2bde7-7dc6-46a4-a1e0-5eaed1fedd36
2025-09-19T12:42:22.647Z [info]: Incoming POST : /auth/login
2025-09-19T12:42:22.839Z [info]: Logged in Dave as manager
2025-09-19T12:42:37.904Z [info]: Incoming POST : /auth/login
2025-09-19T12:42:38.000Z [info]: Logged in Kristy as employee
2025-09-19T12:43:03.151Z [info]: Incoming GET : /tickets/
2025-09-19T12:43:43.642Z [info]: Incoming GET : /tickets/
2025-09-19T12:43:47.710Z [info]: Incoming POST : /auth/login
2025-09-19T12:43:47.809Z [info]: Logged in Dave as manager
2025-09-19T12:43:50.990Z [info]: Incoming GET : /tickets/
2025-09-19T12:44:06.266Z [info]: Incoming GET : /tickets/?status=pending
2025-09-19T12:53:57.107Z [info]: Incoming POST : /auth/register
2025-09-19T12:53:57.637Z [info]: Creating new user: Larry
2025-09-19T12:54:01.899Z [info]: Incoming POST : /auth/login
2025-09-19T12:54:01.996Z [info]: Logged in Kristy as employee
2025-09-19T12:54:05.902Z [info]: Incoming POST : /auth/login
2025-09-19T12:54:06.000Z [info]: Logged in Dave as manager
2025-09-19T12:54:12.763Z [info]: Incoming POST : /auth/login
2025-09-19T12:54:12.798Z [warn]: Invalid credentials
2025-09-19T12:54:26.737Z [info]: Incoming POST : /tickets
2025-09-19T12:54:26.885Z [info]: Ticket submitted
2025-09-19T13:08:50.490Z [info]: Incoming POST : /auth/login
2025-09-19T13:08:50.757Z [info]: Logged in Dave as manager
2025-09-19T13:09:07.892Z [info]: Incoming PATCH : /tickets/1c0fd49d-c988-44fd-ba25-2c7d2f39f463
2025-09-19T13:09:07.934Z [warn]: Ticket already processed
2025-09-19T13:09:49.003Z [info]: Incoming PATCH : /tickets/1c0fd49d-c988-44fd-ba25-2c7d2f39f46
2025-09-19T13:09:49.043Z [warn]: Ticket not found
2025-09-19T13:13:16.239Z [info]: Incoming POST : /auth/login
2025-09-19T13:13:16.559Z [info]: Logged in Dave as manager
2025-09-19T13:13:40.202Z [info]: Incoming PATCH : /tickets/389c89f1-2021-466d-ae6c-5fbac0d7d58c
2025-09-19T13:13:40.352Z [info]: Ticket processed
2025-09-19T13:13:55.514Z [info]: Incoming PATCH : /tickets/389c89f1-2021-466d-ae6c-5fbac0d7d58
2025-09-19T13:13:55.550Z [warn]: Ticket not found
2025-09-19T13:14:00.559Z [info]: Incoming PATCH : /tickets/389c89f1-2021-466d-ae6c-5fbac0d7d58c
2025-09-19T13:14:00.593Z [warn]: Ticket already processed
2025-09-19T13:14:05.458Z [info]: Incoming PATCH : /tickets/389c89f1-2021-466d-ae6c-5fbac0d7d58c
2025-09-19T13:14:05.495Z [warn]: Ticket already processed
2025-09-19T13:14:22.364Z [info]: Incoming PATCH : /tickets/962b597d-bea5-4987-85f2-abec9a4e7fa8
2025-09-19T13:14:22.441Z [warn]: Invalid new status
2025-09-19T13:17:52.400Z [info]: Incoming POST : /auth/login
2025-09-19T13:17:52.667Z [info]: Logged in Kristy as employee
2025-09-19T13:17:56.567Z [info]: Incoming GET : /tickets/?status=pending
2025-09-19T13:47:49.119Z [info]: Incoming POST : /auth/register
2025-09-19T13:47:49.471Z [info]: Creating new user: Larry
2025-09-19T13:47:55.237Z [info]: Incoming POST : /auth/login
2025-09-19T13:47:55.347Z [info]: Logged in Kristy as employee
2025-09-19T13:47:59.501Z [info]: Incoming POST : /auth/login
2025-09-19T13:47:59.830Z [warn]: Invalid credentials
2025-09-19T13:48:03.124Z [info]: Incoming POST : /auth/register
2025-09-19T13:48:03.159Z [warn]: Username already registered
2025-09-19T13:48:21.479Z [info]: Incoming POST : /tickets
2025-09-19T13:48:21.527Z [info]: Ticket submitted
2025-09-19T13:49:47.111Z [info]: Incoming POST : /auth/login
2025-09-19T13:49:47.470Z [info]: Logged in Kristy as employee
2025-09-19T13:49:50.509Z [info]: Incoming POST : /tickets
2025-09-19T13:49:50.513Z [warn]: Ticket cannot be submitted without a numerical amount greater than 0
2025-09-19T13:49:54.265Z [info]: Incoming POST : /tickets
2025-09-19T13:49:54.267Z [warn]: Ticket cannot be submitted without a description
2025-09-19T13:49:58.557Z [info]: Incoming GET : /tickets/?status=pending
2025-09-19T13:50:10.533Z [info]: Incoming POST : /auth/login
2025-09-19T13:50:10.639Z [info]: Logged in Dave as manager
2025-09-19T13:50:14.249Z [info]: Incoming GET : /tickets/?status=pending
2025-09-19T14:01:54.359Z [info]: Incoming POST : /auth/register
2025-09-19T14:01:54.750Z [info]: Creating new user: Larry
2025-09-19T14:02:58.913Z [info]: Incoming POST : /auth/login
2025-09-19T14:02:59.244Z [info]: Logged in Dave as manager
2025-09-19T14:03:01.992Z [info]: Incoming POST : /tickets
2025-09-19T14:03:02.054Z [info]: Ticket submitted
2025-09-19T14:03:29.790Z [info]: Incoming POST : /auth/login
2025-09-19T14:03:30.051Z [info]: Logged in Dave as manager
2025-09-19T14:03:32.271Z [info]: Incoming POST : /tickets
2025-09-19T14:04:21.857Z [info]: Incoming POST : /auth/login
2025-09-19T14:04:22.138Z [info]: Logged in Dave as manager
2025-09-19T14:04:24.965Z [info]: Incoming POST : /tickets
2025-09-19T14:06:43.647Z [info]: Incoming POST : /auth/login
2025-09-19T14:06:43.945Z [info]: Logged in Kristy as employee
2025-09-19T14:06:49.979Z [info]: Incoming PATCH : /tickets/a3f2bde7-7dc6-46a4-a1e0-5eaed1fedd36
2025-09-19T14:07:30.688Z [info]: Incoming POST : /auth/login
2025-09-19T14:07:31.009Z [info]: Logged in Dave as manager
2025-09-19T14:07:36.873Z [info]: Incoming POST : /auth/login
2025-09-19T14:07:36.973Z [info]: Logged in Kristy as employee
2025-09-19T14:07:40.613Z [info]: Incoming PATCH : /tickets/a3f2bde7-7dc6-46a4-a1e0-5eaed1fedd36
2025-09-19T14:08:48.984Z [info]: Incoming POST : /auth/register
2025-09-19T14:08:49.387Z [info]: Creating new user: Larry
2025-09-19T14:08:59.669Z [info]: Incoming POST : /auth/login
2025-09-19T14:08:59.796Z [info]: Logged in Kristy as employee
2025-09-19T14:09:19.272Z [info]: Incoming POST : /auth/login
2025-09-19T14:09:19.387Z [info]: Logged in Dave as manager
2025-09-19T14:09:21.646Z [info]: Incoming POST : /tickets
2025-09-19T14:10:23.003Z [info]: Incoming POST : /auth/login
2025-09-19T14:10:23.274Z [info]: Logged in Kristy as employee
2025-09-19T14:10:29.184Z [info]: Incoming POST : /tickets
2025-09-19T14:10:29.237Z [info]: Ticket submitted
2025-09-19T14:10:31.945Z [info]: Incoming POST : /auth/login
2025-09-19T14:10:32.044Z [info]: Logged in Dave as manager
2025-09-19T14:10:33.963Z [info]: Incoming POST : /tickets
2025-09-19T14:10:38.466Z [info]: Incoming POST : /auth/login
2025-09-19T14:10:38.565Z [info]: Logged in Kristy as employee
2025-09-19T14:10:47.856Z [info]: Incoming GET : /tickets/
2025-09-19T14:10:52.686Z [info]: Incoming POST : /auth/login
2025-09-19T14:10:52.963Z [info]: Logged in Dave as manager
2025-09-19T14:10:58.289Z [info]: Incoming GET : /tickets
2025-09-19T14:11:27.585Z [info]: Incoming POST : /auth/login
2025-09-19T14:11:27.683Z [info]: Logged in Dave as manager
2025-09-19T14:11:30.486Z [info]: Incoming PATCH : /tickets/a3f2bde7-7dc6-46a4-a1e0-5eaed1fedd36
2025-09-19T14:11:30.527Z [warn]: Invalid new status
2025-09-19T14:11:41.423Z [info]: Incoming PATCH : /tickets/a3f2bde7-7dc6-46a4-a1e0-5eaed1fedd36
2025-09-19T14:11:41.455Z [info]: Ticket processed
2025-09-19T14:12:20.460Z [info]: Incoming GET : /tickets/
2025-09-19T14:12:26.278Z [info]: Incoming POST : /auth/login
2025-09-19T14:12:26.375Z [info]: Logged in Kristy as employee
2025-09-19T14:12:31.416Z [info]: Incoming GET : /tickets/
2025-09-19T14:12:42.685Z [info]: Incoming POST : /auth/login
2025-09-19T14:12:42.780Z [info]: Logged in Alice as employee
2025-09-19T14:12:51.420Z [info]: Incoming GET : /tickets/
2025-09-19T14:13:13.834Z [info]: Incoming PATCH : /tickets/1
2025-09-19T14:13:17.900Z [info]: Incoming POST : /auth/login
2025-09-19T14:13:18.059Z [info]: Logged in Dave as manager
2025-09-19T14:13:20.453Z [info]: Incoming PATCH : /tickets/1
2025-09-19T14:13:20.480Z [warn]: Ticket not found
2025-09-19T14:13:25.391Z [info]: Incoming PATCH : /tickets/f98c52d3-c38e-4d4f-a693-0fde15933547
2025-09-19T14:13:25.424Z [warn]: Ticket not found
2025-09-19T14:18:44.918Z [info]: Incoming POST : /auth/login
2025-09-19T14:18:45.187Z [info]: Logged in Alice as employee
2025-09-19T14:18:51.641Z [info]: Incoming GET : /tickets/
2025-09-19T14:19:00.465Z [info]: Incoming GET : /tickets
2025-09-19T14:23:11.297Z [info]: Incoming POST : /auth/login
2025-09-19T14:23:11.573Z [info]: Logged in Dave as manager
2025-09-19T14:23:15.186Z [info]: Incoming POST : /tickets
2025-09-19T14:23:20.828Z [info]: Incoming POST : /auth/login
2025-09-19T14:23:20.926Z [info]: Logged in Alice as employee
2025-09-19T14:23:24.566Z [info]: Incoming POST : /tickets
2025-09-19T14:23:24.616Z [info]: Ticket submitted
2025-09-19T14:55:21.935Z [info]: Incoming POST : /auth/login
2025-09-19T14:55:22.252Z [info]: Logged in Alice as employee
2025-09-19T14:55:26.076Z [info]: Incoming POST : /auth/register
2025-09-19T14:55:30.177Z [info]: Incoming POST : /auth/login
2025-09-19T14:55:30.277Z [info]: Logged in Dave as manager
2025-09-19T14:55:33.348Z [info]: Incoming POST : /auth/register
2025-09-19T14:55:33.495Z [info]: Creating new user: Larry
