2025-09-10T14:24:08.685Z [info]: Incoming GET : /tickets
2025-09-10T14:28:08.188Z [info]: Incoming GET : /tickets
2025-09-12T19:09:28.894Z [info]: Incoming POST : /auth/login
2025-09-12T19:10:32.527Z [info]: Incoming POST : /auth/login
2025-09-12T19:11:14.353Z [info]: Incoming POST : /auth/login
2025-09-12T19:12:23.064Z [info]: Incoming POST : /auth/login
2025-09-12T19:12:33.567Z [info]: Incoming GET : /tickets
2025-09-12T19:22:35.492Z [info]: Incoming DELETE : /users/Alice
2025-09-12T19:22:44.054Z [info]: Incoming POST : /auth/login
2025-09-12T19:22:47.520Z [info]: Incoming DELETE : /users/Alice
2025-09-12T19:23:01.146Z [info]: Incoming POST : /auth/login
2025-09-12T19:23:20.146Z [info]: Incoming DELETE : /users/Alice
2025-09-12T19:23:36.901Z [info]: Incoming POST : /auth/login
2025-09-12T19:23:43.709Z [info]: Incoming DELETE : /users/Alice
2025-09-12T19:26:02.529Z [info]: Incoming POST : /auth/register
2025-09-12T19:26:02.911Z [info]: Creating new user: {"username":"Alice","password":"$2b$10$iPZVMfAXc180LTx3EZL8euwC8ndi8zLGTN3fxa65prJPJVTHmghpW","role":"employee","createdAt":1757705162861}
2025-09-12T19:26:08.884Z [info]: Incoming POST : /auth/login
2025-09-12T19:26:18.258Z [info]: Incoming DELETE : /users/Alice
2025-09-12T19:30:46.385Z [info]: Incoming POST : /auth/login
2025-09-12T19:30:46.660Z [info]: Logged in user: John
2025-09-12T19:32:14.092Z [info]: Incoming POST : /auth/register
2025-09-12T19:32:14.472Z [info]: Creating new user: Alice
2025-09-12T19:32:19.357Z [info]: Incoming POST : /auth/register
2025-09-12T19:32:19.384Z [info]: Username already registered
2025-09-12T19:35:48.561Z [info]: Incoming POST : /auth/login
2025-09-12T19:35:48.832Z [info]: Logged in user: John
2025-09-13T18:12:22.531Z [info]: Incoming POST : /auth/login
2025-09-13T18:12:22.828Z [info]: Logged in user: John
2025-09-13T18:12:31.452Z [info]: Incoming GET : /tickets?username=Gus
2025-09-13T18:13:22.615Z [info]: Incoming GET : /tickets
2025-09-13T18:13:34.757Z [info]: Incoming POST : /auth/login
2025-09-13T18:13:34.856Z [info]: Logged in user: Ed
2025-09-13T18:13:37.042Z [info]: Incoming GET : /tickets
2025-09-13T19:01:33.555Z [info]: Incoming GET : /users/Frank
2025-09-13T19:01:37.842Z [info]: Incoming POST : /auth/login
2025-09-13T19:01:38.117Z [info]: Logged in user: Ed
2025-09-13T19:01:40.011Z [info]: Incoming GET : /users/Frank
2025-09-13T19:01:51.028Z [info]: Incoming POST : /auth/login
2025-09-13T19:01:51.145Z [info]: Logged in user: John
2025-09-13T19:01:54.176Z [info]: Incoming GET : /users/Frank
2025-09-13T19:02:07.544Z [info]: Incoming GET : /users/Fran
2025-09-13T19:23:22.659Z [info]: Incoming POST : /auth/login
2025-09-13T19:23:22.999Z [info]: Logged in user: John
2025-09-13T19:23:29.795Z [info]: Incoming GET : /users/Frank
2025-09-13T19:23:54.853Z [info]: Incoming GET : /users/Alice
2025-09-13T19:31:38.656Z [info]: Incoming POST : /auth/login
2025-09-13T19:33:01.720Z [info]: Incoming POST : /auth/login
2025-09-13T19:34:23.234Z [info]: Incoming POST : /auth/login
2025-09-13T19:34:23.580Z [info]: Logged in user: John
2025-09-13T19:40:57.530Z [info]: Incoming POST : /auth/login
2025-09-13T19:40:57.848Z [info]: Logged in user: John
2025-09-13T19:41:00.325Z [info]: Incoming GET : /users/Alice
2025-09-13T19:41:22.869Z [info]: Incoming POST : /auth/login
2025-09-13T19:41:23.196Z [info]: Logged in user: John
2025-09-13T19:41:24.951Z [info]: Incoming GET : /users/Alice
2025-09-13T19:41:57.642Z [info]: Incoming POST : /auth/login
2025-09-13T19:41:57.904Z [info]: Logged in user: John
2025-09-13T19:42:01.692Z [info]: Incoming GET : /users/Alice
2025-09-13T19:42:45.674Z [info]: Incoming POST : /auth/login
2025-09-13T19:42:45.945Z [info]: Logged in user: John
2025-09-13T19:42:48.379Z [info]: Incoming GET : /users/Alice
2025-09-13T19:44:24.984Z [info]: Incoming POST : /auth/login
2025-09-13T19:44:25.314Z [info]: Logged in user: John
2025-09-13T19:44:27.587Z [info]: Incoming GET : /users/Alic
2025-09-15T00:07:32.934Z [info]: Incoming POST : /auth/login
2025-09-15T00:07:33.274Z [info]: Logged in user: John
2025-09-15T00:08:33.994Z [info]: Incoming POST : /auth/register
2025-09-15T00:08:34.310Z [info]: Creating new user: Kristy
2025-09-15T00:10:53.027Z [info]: Creating new user: exampleUsername
2025-09-15T00:11:15.973Z [info]: Creating new user: exampleUsername
2025-09-15T00:14:12.927Z [info]: Incoming POST : /auth/register
2025-09-15T00:14:13.224Z [info]: Creating new user: exampleUsername
2025-09-15T00:15:27.720Z [info]: Creating new user: exampleUsername
2025-09-15T00:16:39.104Z [info]: Creating new user: exampleUsername
2025-09-15T00:17:41.933Z [info]: Creating new user: exampleUsername
2025-09-15T00:18:33.504Z [info]: Creating new user: exampleUsername
2025-09-15T00:20:28.718Z [info]: Incoming POST : /auth/register
2025-09-15T00:20:28.960Z [info]: Username already registered
2025-09-15T00:20:47.260Z [info]: Incoming POST : /auth/register
2025-09-15T00:20:47.411Z [info]: Creating new user: exampleUsername
2025-09-15T00:20:56.666Z [info]: Creating new user: exampleUsername
2025-09-15T00:22:42.160Z [info]: Creating new user: exampleUsername
2025-09-15T00:24:13.068Z [info]: Creating new user: exampleUsername
2025-09-15T00:25:44.096Z [info]: Creating new user: exampleUsername
2025-09-15T00:26:20.871Z [info]: Creating new user: exampleUsername
2025-09-15T00:26:45.565Z [info]: Creating new user: exampleUsername
2025-09-15T00:28:18.217Z [info]: Creating new user: exampleUsername
2025-09-15T00:28:18.293Z [info]: Creating new user: exampleUsername
2025-09-15T00:30:23.543Z [info]: Creating new user: exampleUsername
2025-09-15T00:30:23.619Z [info]: Creating new user: exampleUsername
2025-09-15T00:30:23.685Z [info]: Creating new user: Alice
2025-09-15T00:30:42.948Z [info]: Creating new user: exampleUsername
2025-09-15T00:30:43.019Z [info]: Creating new user: exampleUsername
2025-09-15T00:30:43.084Z [info]: Creating new user: Alice
2025-09-15T00:31:27.790Z [info]: Creating new user: exampleUsername
2025-09-15T00:31:27.863Z [info]: Creating new user: exampleUsername
2025-09-15T00:31:27.929Z [info]: Creating new user: Alice
2025-09-15T00:34:49.777Z [info]: Creating new user: exampleUsername
2025-09-15T00:34:49.849Z [info]: Creating new user: exampleUsername
2025-09-15T00:35:12.454Z [info]: Creating new user: exampleUsername
2025-09-15T00:35:12.527Z [info]: Creating new user: exampleUsername
2025-09-15T00:36:07.411Z [info]: Incoming POST : /auth/login
2025-09-15T00:36:07.705Z [info]: Logged in user: John
2025-09-15T00:36:23.808Z [info]: Incoming GET : /users/Alice
2025-09-15T00:36:55.532Z [info]: Creating new user: exampleUsername
2025-09-15T00:36:55.605Z [info]: Creating new user: exampleUsername
2025-09-15T00:36:55.607Z [info]: Username already registered
2025-09-15T00:39:06.583Z [info]: Creating new user: exampleUsername
2025-09-15T00:39:06.655Z [info]: Creating new user: exampleUsername
2025-09-15T00:39:06.657Z [info]: Username already registered
2025-09-15T00:39:06.658Z [info]: Invalid username or password: {"username":"Alice","password":""}
2025-09-15T00:42:28.125Z [info]: Creating new user: exampleUsername
2025-09-15T00:42:28.200Z [info]: Creating new user: exampleUsername
2025-09-15T00:42:28.202Z [info]: Username already registered
2025-09-15T00:42:28.203Z [info]: Invalid username or password: {"username":"Alice","password":""}
2025-09-15T00:42:28.204Z [info]: Invalid username or password: {"username":"","password":"AlicesPassword"}
2025-09-15T00:45:07.422Z [info]: Creating new user: exampleUsername
2025-09-15T00:45:07.496Z [info]: Creating new user: exampleUsername
2025-09-15T00:45:07.498Z [info]: Username already registered
2025-09-15T00:45:07.499Z [info]: Invalid username or password: {"username":"Alice","password":""}
2025-09-15T00:45:07.499Z [info]: Invalid username or password: {"username":"","password":"AlicesPassword"}
